<?xml version="1.0" encoding="UTF-8"?><testrun name="Harry-Potter" project="Harry-Potter" tests="42" started="42" failures="0" errors="1" ignored="0">
  <testsuite name="tests.FinishedCourseTest" time="0.001">
    <testcase name="getGradeTest" classname="tests.FinishedCourseTest" time="0.001"/>
    <testcase name="setGradeTest" classname="tests.FinishedCourseTest" time="0.0"/>
    <testcase name="getPassedTest" classname="tests.FinishedCourseTest" time="0.0"/>
    <testcase name="setPassedTest" classname="tests.FinishedCourseTest" time="0.0"/>
  </testsuite>
  <testsuite name="seviceTest.StudentServiceTest" time="0.0">
    <testcase name="ConstructorTest" classname="seviceTest.StudentServiceTest" time="0.0"/>
  </testsuite>
  <testsuite name="tests.HouseTest" time="0.0">
    <testcase name="qualitiesTest" classname="tests.HouseTest" time="0.0"/>
    <testcase name="getAndSetProfessorTest" classname="tests.HouseTest" time="0.0"/>
    <testcase name="studentsTest" classname="tests.HouseTest" time="0.0"/>
    <testcase name="getAndSetSchoolTest" classname="tests.HouseTest" time="0.0"/>
    <testcase name="getAndSetNameTest" classname="tests.HouseTest" time="0.0"/>
  </testsuite>
  <testsuite name="tests.SchoolTest" time="0.0">
    <testcase name="setHousesTest" classname="tests.SchoolTest" time="0.0"/>
    <testcase name="setStudentsTest" classname="tests.SchoolTest" time="0.0"/>
    <testcase name="getCoursesTest" classname="tests.SchoolTest" time="0.0"/>
    <testcase name="getNameTest" classname="tests.SchoolTest" time="0.0"/>
    <testcase name="getProfessorsTest" classname="tests.SchoolTest" time="0.0"/>
    <testcase name="getStudentsTest" classname="tests.SchoolTest" time="0.0"/>
    <testcase name="getHousesTest" classname="tests.SchoolTest" time="0.0"/>
    <testcase name="setCoursesTest" classname="tests.SchoolTest" time="0.0"/>
  </testsuite>
  <testsuite name="seviceTest.SchoolServiceTest" time="8.876">
    <testcase name="constructorTest" classname="seviceTest.SchoolServiceTest" time="0.0"/>
    <testcase name="questionsTest" classname="seviceTest.SchoolServiceTest" time="8.875"/>
  </testsuite>
  <testsuite name="tests.StudentTest" time="0.005">
    <testcase name="getAndSetReportCardTest" classname="tests.StudentTest" time="0.003"/>
    <testcase name="getNameTest" classname="tests.StudentTest" time="0.0"/>
    <testcase name="coursesTest" classname="tests.StudentTest" time="0.002"/>
  </testsuite>
  <testsuite name="tests.CourseTest" time="0.004">
    <testcase name="setProfessorTest" classname="tests.CourseTest" time="0.002"/>
    <testcase name="getMinGradeTest" classname="tests.CourseTest" time="0.001"/>
    <testcase name="setNameTest" classname="tests.CourseTest" time="0.0"/>
    <testcase name="getNameTest" classname="tests.CourseTest" time="0.0"/>
    <testcase name="studentsTest" classname="tests.CourseTest" time="0.0"/>
    <testcase name="getProfessorTest" classname="tests.CourseTest" time="0.001"/>
  </testsuite>
  <testsuite name="tests.ProfessorTest" time="0.003">
    <testcase name="getNoteTest" classname="tests.ProfessorTest" time="0.001"/>
    <testcase name="coursesTest" classname="tests.ProfessorTest" time="0.002"/>
  </testsuite>
  <testsuite name="seviceTest.CourseServiceTest" time="0.039">
    <testcase name="getCourseDataTest" classname="seviceTest.CourseServiceTest" time="0.039">
      <error>java.io.FileNotFoundException: courseDB (No such file or directory)
	at java.io.FileInputStream.open0(Native Method)
	at java.io.FileInputStream.open(FileInputStream.java:195)
	at java.io.FileInputStream.&lt;init&gt;(FileInputStream.java:138)
	at java.io.FileInputStream.&lt;init&gt;(FileInputStream.java:93)
	at java.io.FileReader.&lt;init&gt;(FileReader.java:58)
	at service.CourseService.getData(CourseService.java:19)
	at seviceTest.CourseServiceTest.getCourseDataTest(CourseServiceTest.java:41)
	at sun.reflect.NativeMethodAccessorImpl.invoke0(Native Method)
	at sun.reflect.NativeMethodAccessorImpl.invoke(NativeMethodAccessorImpl.java:62)
	at sun.reflect.DelegatingMethodAccessorImpl.invoke(DelegatingMethodAccessorImpl.java:43)
	at java.lang.reflect.Method.invoke(Method.java:497)
	at org.junit.runners.model.FrameworkMethod$1.runReflectiveCall(FrameworkMethod.java:50)
	at org.junit.internal.runners.model.ReflectiveCallable.run(ReflectiveCallable.java:12)
	at org.junit.runners.model.FrameworkMethod.invokeExplosively(FrameworkMethod.java:47)
	at org.junit.internal.runners.statements.InvokeMethod.evaluate(InvokeMethod.java:17)
	at org.junit.runners.ParentRunner.runLeaf(ParentRunner.java:325)
	at org.junit.runners.BlockJUnit4ClassRunner.runChild(BlockJUnit4ClassRunner.java:78)
	at org.junit.runners.BlockJUnit4ClassRunner.runChild(BlockJUnit4ClassRunner.java:57)
	at org.junit.runners.ParentRunner$3.run(ParentRunner.java:290)
	at org.junit.runners.ParentRunner$1.schedule(ParentRunner.java:71)
	at org.junit.runners.ParentRunner.runChildren(ParentRunner.java:288)
	at org.junit.runners.ParentRunner.access$000(ParentRunner.java:58)
	at org.junit.runners.ParentRunner$2.evaluate(ParentRunner.java:268)
	at org.junit.runners.ParentRunner.run(ParentRunner.java:363)
	at org.eclipse.jdt.internal.junit4.runner.JUnit4TestReference.run(JUnit4TestReference.java:86)
	at org.eclipse.jdt.internal.junit.runner.TestExecution.run(TestExecution.java:38)
	at org.eclipse.jdt.internal.junit.runner.RemoteTestRunner.runTests(RemoteTestRunner.java:459)
	at org.eclipse.jdt.internal.junit.runner.RemoteTestRunner.runTests(RemoteTestRunner.java:678)
	at org.eclipse.jdt.internal.junit.runner.RemoteTestRunner.run(RemoteTestRunner.java:382)
	at org.eclipse.jdt.internal.junit.runner.RemoteTestRunner.main(RemoteTestRunner.java:192)

</error>
    </testcase>
    <testcase name="setAndGetCourseTest" classname="seviceTest.CourseServiceTest" time="0.0"/>
    <testcase name="ConstructorTest" classname="seviceTest.CourseServiceTest" time="0.0"/>
  </testsuite>
  <testsuite name="tests.PersonTest" time="0.016">
    <testcase name="setHouseTest" classname="tests.PersonTest" time="0.0"/>
    <testcase name="setNameTest" classname="tests.PersonTest" time="0.0"/>
    <testcase name="getSchoolTest" classname="tests.PersonTest" time="0.014"/>
    <testcase name="getNameTest" classname="tests.PersonTest" time="0.001"/>
    <testcase name="getBloodStatusTest" classname="tests.PersonTest" time="0.0"/>
    <testcase name="setSchoolTest" classname="tests.PersonTest" time="0.0"/>
    <testcase name="setBloodStatusTest" classname="tests.PersonTest" time="0.0"/>
    <testcase name="getHouseTest" classname="tests.PersonTest" time="0.0"/>
  </testsuite>
</testrun>
